2025-04-29 19:45:44,967 - INFO - === Subject-Dependent Training (train / test split) ===
2025-04-29 19:45:44,967 - INFO - 
--- Subject A01 ---
2025-04-29 19:45:51,727 - INFO - Epoch 000  loss=16.1600  val_acc=0.2456
2025-04-29 19:46:16,714 - INFO - Epoch 010  loss=16.0748  val_acc=0.2562
2025-04-29 19:46:41,490 - INFO - Epoch 020  loss=15.5560  val_acc=0.2918
2025-04-29 19:47:06,543 - INFO - Epoch 030  loss=15.2178  val_acc=0.3025
2025-04-29 19:47:30,321 - INFO - Epoch 040  loss=14.9797  val_acc=0.3238
2025-04-29 19:47:55,109 - INFO - Epoch 050  loss=14.6038  val_acc=0.3132
2025-04-29 19:48:19,196 - INFO - Epoch 060  loss=14.3023  val_acc=0.3345
2025-04-29 19:48:42,408 - INFO - Epoch 070  loss=13.9317  val_acc=0.3523
2025-04-29 19:49:05,884 - INFO - Epoch 080  loss=13.6163  val_acc=0.3630
2025-04-29 19:49:29,198 - INFO - Epoch 090  loss=13.3498  val_acc=0.3701
2025-04-29 19:49:54,566 - INFO - Epoch 100  loss=12.9991  val_acc=0.3701
2025-04-29 19:50:18,049 - INFO - Epoch 110  loss=12.7763  val_acc=0.3559
2025-04-29 19:50:40,797 - INFO - Epoch 120  loss=12.5581  val_acc=0.3808
2025-04-29 19:51:03,331 - INFO - Epoch 130  loss=12.3607  val_acc=0.3879
2025-04-29 19:51:26,703 - INFO - Epoch 140  loss=12.2261  val_acc=0.3772
2025-04-29 19:51:49,688 - INFO - Epoch 150  loss=12.1227  val_acc=0.3737
2025-04-29 19:52:12,894 - INFO - Epoch 160  loss=12.0463  val_acc=0.3630
2025-04-29 19:52:35,979 - INFO - Epoch 170  loss=13.4639  val_acc=0.2776
2025-04-29 19:52:58,611 - INFO - Epoch 180  loss=12.0767  val_acc=0.3488
2025-04-29 19:53:23,733 - INFO - Epoch 190  loss=11.9042  val_acc=0.3523
2025-04-29 19:53:48,574 - INFO - Epoch 200  loss=11.8089  val_acc=0.3452
2025-04-29 19:54:12,404 - INFO - Epoch 210  loss=11.7658  val_acc=0.3559
2025-04-29 19:54:35,427 - INFO - Epoch 220  loss=11.6673  val_acc=0.3488
2025-04-29 19:54:59,605 - INFO - Epoch 230  loss=11.6199  val_acc=0.3665
2025-04-29 19:55:25,078 - INFO - Epoch 240  loss=11.6644  val_acc=0.3665
2025-04-29 19:55:50,086 - INFO - Epoch 250  loss=11.8746  val_acc=0.3559
2025-04-29 19:56:15,706 - INFO - Epoch 260  loss=11.4740  val_acc=0.3737
2025-04-29 19:56:38,940 - INFO - Epoch 270  loss=11.4185  val_acc=0.3559
2025-04-29 19:57:03,565 - INFO - Epoch 280  loss=11.4309  val_acc=0.3737
2025-04-29 19:57:27,168 - INFO - Epoch 290  loss=11.5274  val_acc=0.3630
2025-04-29 19:57:51,428 - INFO - Epoch 300  loss=11.2501  val_acc=0.3772
2025-04-29 19:58:14,583 - INFO - Epoch 310  loss=11.1747  val_acc=0.3737
2025-04-29 19:58:38,227 - INFO - Epoch 320  loss=11.3928  val_acc=0.3737
2025-04-29 19:59:03,532 - INFO - Epoch 330  loss=11.0968  val_acc=0.3772
2025-04-29 19:59:27,633 - INFO - Epoch 340  loss=11.0756  val_acc=0.3737
2025-04-29 19:59:51,468 - INFO - Epoch 350  loss=11.0712  val_acc=0.3452
2025-04-29 20:00:14,703 - INFO - Epoch 360  loss=11.1665  val_acc=0.3737
2025-04-29 20:00:38,626 - INFO - Epoch 370  loss=11.0155  val_acc=0.3701
2025-04-29 20:01:02,876 - INFO - Epoch 380  loss=11.0319  val_acc=0.3594
2025-04-29 20:01:26,545 - INFO - Epoch 390  loss=10.7184  val_acc=0.3772
2025-04-29 20:01:50,260 - INFO - Epoch 400  loss=10.6623  val_acc=0.3594
2025-04-29 20:02:14,722 - INFO - Epoch 410  loss=10.6036  val_acc=0.3665
2025-04-29 20:02:36,685 - INFO - Epoch 420  loss=10.4975  val_acc=0.3986
2025-04-29 20:03:00,995 - INFO - Epoch 430  loss=10.3637  val_acc=0.3915
2025-04-29 20:03:25,113 - INFO - Epoch 440  loss=10.2641  val_acc=0.3986
2025-04-29 20:03:48,628 - INFO - Epoch 450  loss=10.2268  val_acc=0.3879
2025-04-29 20:04:14,418 - INFO - Epoch 460  loss=10.1735  val_acc=0.3843
2025-04-29 20:04:38,277 - INFO - Epoch 470  loss=10.1097  val_acc=0.3915
2025-04-29 20:05:02,274 - INFO - Epoch 480  loss=10.0908  val_acc=0.4164
2025-04-29 20:05:24,440 - INFO - Epoch 490  loss=10.1491  val_acc=0.4128
2025-04-29 20:05:44,977 - INFO - Finished. best_val_acc=0.4164
2025-04-29 20:05:44,985 - INFO - Saved best model to ./model/seed/Alpha_beta/seed0/model_A01.pt
2025-04-29 20:05:44,985 - INFO - 
--- Subject A02 ---
2025-04-29 20:05:48,789 - INFO - Epoch 000  loss=16.1824  val_acc=0.2562
2025-04-29 20:06:12,469 - INFO - Epoch 010  loss=16.1415  val_acc=0.2562
2025-04-29 20:06:36,142 - INFO - Epoch 020  loss=15.9544  val_acc=0.2384
2025-04-29 20:06:59,277 - INFO - Epoch 030  loss=15.7837  val_acc=0.2491
2025-04-29 20:07:21,611 - INFO - Epoch 040  loss=15.5977  val_acc=0.2776
2025-04-29 20:07:46,284 - INFO - Epoch 050  loss=15.3216  val_acc=0.2883
2025-04-29 20:08:08,932 - INFO - Epoch 060  loss=14.9503  val_acc=0.2669
2025-04-29 20:08:31,906 - INFO - Epoch 070  loss=14.6211  val_acc=0.2527
2025-04-29 20:08:54,456 - INFO - Epoch 080  loss=14.3954  val_acc=0.2633
2025-04-29 20:09:17,905 - INFO - Epoch 090  loss=14.0245  val_acc=0.2562
2025-04-29 20:09:41,737 - INFO - Epoch 100  loss=13.6649  val_acc=0.2669
2025-04-29 20:10:06,659 - INFO - Epoch 110  loss=13.4678  val_acc=0.2633
2025-04-29 20:10:29,419 - INFO - Epoch 120  loss=13.3934  val_acc=0.2669
2025-04-29 20:10:52,527 - INFO - Epoch 130  loss=13.0002  val_acc=0.2740
2025-04-29 20:11:14,798 - INFO - Epoch 140  loss=12.7426  val_acc=0.2669
2025-04-29 20:11:37,199 - INFO - Epoch 150  loss=12.6917  val_acc=0.2669
2025-04-29 20:12:10,111 - INFO - === Subject-Dependent Training (train / test split) ===
2025-04-29 20:12:10,111 - INFO - 
--- Subject A01 ---
2025-04-29 20:12:15,823 - INFO - Epoch 000  loss=2.2512  val_acc=0.2456
2025-04-29 20:12:38,085 - INFO - Epoch 010  loss=2.2415  val_acc=0.2456
2025-04-29 20:12:59,150 - INFO - Epoch 020  loss=2.2391  val_acc=0.2456
2025-04-29 20:13:21,089 - INFO - Epoch 030  loss=2.2383  val_acc=0.2562
2025-04-29 20:13:39,844 - INFO - === Subject-Dependent Training (train / test split) ===
2025-04-29 20:13:39,844 - INFO - 
--- Subject A01 ---
2025-04-29 20:13:44,996 - INFO - Epoch 000  loss=9.5736  val_acc=0.2456
2025-04-29 20:14:06,527 - INFO - Epoch 010  loss=9.5205  val_acc=0.2954
2025-04-29 20:14:28,760 - INFO - Epoch 020  loss=9.3502  val_acc=0.2918
2025-04-29 20:14:51,921 - INFO - Epoch 030  loss=9.2240  val_acc=0.3096
2025-04-29 20:15:16,430 - INFO - Epoch 040  loss=9.1058  val_acc=0.3132
2025-04-29 20:15:38,715 - INFO - Epoch 050  loss=8.9991  val_acc=0.3025
2025-04-29 20:16:04,032 - INFO - Epoch 060  loss=8.8451  val_acc=0.2847
2025-04-29 20:16:26,832 - INFO - Epoch 070  loss=8.6700  val_acc=0.3025
2025-04-29 20:16:47,612 - INFO - Epoch 080  loss=8.5407  val_acc=0.3025
2025-04-29 20:17:09,671 - INFO - Epoch 090  loss=8.4673  val_acc=0.3310
2025-04-29 20:17:32,012 - INFO - Epoch 100  loss=8.3261  val_acc=0.3416
2025-04-29 20:17:54,786 - INFO - Epoch 110  loss=8.2290  val_acc=0.3416
2025-04-29 20:18:18,158 - INFO - Epoch 120  loss=8.1800  val_acc=0.3559
2025-04-29 20:18:40,455 - INFO - Epoch 130  loss=8.1174  val_acc=0.3665
2025-04-29 20:19:04,077 - INFO - Epoch 140  loss=8.0610  val_acc=0.3381
2025-04-29 20:19:27,431 - INFO - Epoch 150  loss=7.9746  val_acc=0.3559
2025-04-29 20:19:50,536 - INFO - Epoch 160  loss=7.9982  val_acc=0.3452
2025-04-29 20:20:13,262 - INFO - Epoch 170  loss=7.8980  val_acc=0.3630
2025-04-29 20:20:35,448 - INFO - Epoch 180  loss=7.8322  val_acc=0.3737
2025-04-29 20:21:00,376 - INFO - Epoch 190  loss=7.7843  val_acc=0.3772
2025-04-29 20:21:24,126 - INFO - Epoch 200  loss=7.7517  val_acc=0.3737
2025-04-29 20:21:47,377 - INFO - Epoch 210  loss=7.6084  val_acc=0.3879
2025-04-29 20:22:10,462 - INFO - Epoch 220  loss=7.5454  val_acc=0.3772
2025-04-29 20:22:32,291 - INFO - Epoch 230  loss=7.4828  val_acc=0.3879
2025-04-29 20:22:54,919 - INFO - Epoch 240  loss=7.4259  val_acc=0.3986
2025-04-29 20:23:17,754 - INFO - Epoch 250  loss=7.3870  val_acc=0.3915
2025-04-29 20:23:40,689 - INFO - Epoch 260  loss=7.3045  val_acc=0.3665
2025-04-29 20:24:04,395 - INFO - Epoch 270  loss=7.1654  val_acc=0.4021
2025-04-29 20:24:26,821 - INFO - Epoch 280  loss=7.1182  val_acc=0.3950
2025-04-29 20:24:50,517 - INFO - Epoch 290  loss=7.0944  val_acc=0.3843
2025-04-29 20:25:13,096 - INFO - Epoch 300  loss=7.0745  val_acc=0.3915
2025-04-29 20:25:34,795 - INFO - Epoch 310  loss=6.9883  val_acc=0.3915
2025-04-29 20:25:56,449 - INFO - Epoch 320  loss=6.9594  val_acc=0.3986
2025-04-29 20:26:17,502 - INFO - Epoch 330  loss=6.9249  val_acc=0.3701
2025-04-29 20:26:39,982 - INFO - Epoch 340  loss=6.8627  val_acc=0.3701
2025-04-29 20:27:03,913 - INFO - Epoch 350  loss=6.8092  val_acc=0.3772
2025-04-29 20:27:26,674 - INFO - Epoch 360  loss=6.8480  val_acc=0.3986
2025-04-29 20:27:49,822 - INFO - Epoch 370  loss=6.7328  val_acc=0.3665
2025-04-29 20:28:10,897 - INFO - Epoch 380  loss=6.6950  val_acc=0.3737
2025-04-29 20:28:33,424 - INFO - Epoch 390  loss=6.6960  val_acc=0.3559
2025-04-29 20:28:56,784 - INFO - Epoch 400  loss=6.7513  val_acc=0.3737
2025-04-29 20:29:18,895 - INFO - Epoch 410  loss=6.6065  val_acc=0.3737
2025-04-29 20:29:41,325 - INFO - Epoch 420  loss=6.5920  val_acc=0.3808
2025-04-29 20:30:02,894 - INFO - Epoch 430  loss=6.6087  val_acc=0.3808
2025-04-29 20:30:25,868 - INFO - Epoch 440  loss=6.5988  val_acc=0.3737
2025-04-29 20:30:49,179 - INFO - Epoch 450  loss=6.5286  val_acc=0.3701
2025-04-29 20:31:12,454 - INFO - Epoch 460  loss=6.5113  val_acc=0.3843
2025-04-29 20:31:34,949 - INFO - Epoch 470  loss=6.5044  val_acc=0.3879
2025-04-29 20:31:56,441 - INFO - Epoch 480  loss=6.4958  val_acc=0.3701
2025-04-29 20:32:20,330 - INFO - Epoch 490  loss=6.6431  val_acc=0.3737
2025-04-29 20:32:42,284 - INFO - Finished. best_val_acc=0.4164
2025-04-29 20:32:42,293 - INFO - Saved best model to ./model/seed/Alpha_beta/seed0/model_A01.pt
2025-04-29 20:32:42,293 - INFO - 
--- Subject A02 ---
2025-04-29 20:32:45,089 - INFO - Epoch 000  loss=9.5665  val_acc=0.2491
2025-04-29 20:33:08,334 - INFO - Epoch 010  loss=9.5339  val_acc=0.2491
2025-04-29 20:33:31,692 - INFO - Epoch 020  loss=9.4915  val_acc=0.2527
2025-04-29 20:33:53,654 - INFO - Epoch 030  loss=9.4541  val_acc=0.2420
2025-04-29 20:34:16,555 - INFO - Epoch 040  loss=9.3881  val_acc=0.2384
2025-04-29 20:34:40,079 - INFO - Epoch 050  loss=9.3515  val_acc=0.2491
2025-04-29 20:35:03,042 - INFO - Epoch 060  loss=9.3038  val_acc=0.2633
2025-04-29 20:35:27,599 - INFO - Epoch 070  loss=9.2389  val_acc=0.2420
2025-04-29 20:35:49,583 - INFO - Epoch 080  loss=9.1909  val_acc=0.2278
2025-04-29 20:36:14,016 - INFO - Epoch 090  loss=9.1290  val_acc=0.2313
2025-04-29 20:36:37,148 - INFO - Epoch 100  loss=9.0656  val_acc=0.2420
2025-04-29 20:36:59,681 - INFO - Epoch 110  loss=8.9738  val_acc=0.2491
2025-04-29 20:37:22,503 - INFO - Epoch 120  loss=8.8675  val_acc=0.2562
2025-04-29 20:37:44,804 - INFO - Epoch 130  loss=8.8381  val_acc=0.2669
2025-04-29 20:38:07,361 - INFO - Epoch 140  loss=8.6293  val_acc=0.2847
2025-04-29 20:38:30,363 - INFO - Epoch 150  loss=8.5503  val_acc=0.2811
2025-04-29 20:38:53,354 - INFO - Epoch 160  loss=8.4756  val_acc=0.2776
2025-04-29 20:39:15,722 - INFO - Epoch 170  loss=8.3508  val_acc=0.2740
2025-04-29 20:39:37,200 - INFO - Epoch 180  loss=8.2595  val_acc=0.2740
2025-04-29 20:40:01,242 - INFO - Epoch 190  loss=8.1548  val_acc=0.2740
2025-04-29 20:40:24,467 - INFO - Epoch 200  loss=8.0267  val_acc=0.2740
2025-04-29 20:40:46,110 - INFO - Epoch 210  loss=8.0102  val_acc=0.2669
2025-04-29 20:41:08,042 - INFO - Epoch 220  loss=7.8990  val_acc=0.2598
2025-04-29 20:41:30,505 - INFO - Epoch 230  loss=7.8335  val_acc=0.2705
2025-04-29 20:41:54,499 - INFO - Epoch 240  loss=8.1739  val_acc=0.2633
2025-04-29 20:42:17,906 - INFO - Epoch 250  loss=7.8208  val_acc=0.2349
2025-04-29 20:42:40,575 - INFO - Epoch 260  loss=7.7033  val_acc=0.2491
2025-04-29 20:43:02,184 - INFO - Epoch 270  loss=7.7698  val_acc=0.2491
2025-04-29 20:43:23,739 - INFO - Epoch 280  loss=7.6153  val_acc=0.2598
2025-04-29 20:43:44,699 - INFO - Epoch 290  loss=7.5605  val_acc=0.2598
2025-04-29 20:44:06,303 - INFO - Epoch 300  loss=7.4024  val_acc=0.2349
2025-04-29 20:44:29,281 - INFO - Epoch 310  loss=7.3472  val_acc=0.2100
2025-04-29 20:44:51,670 - INFO - Epoch 320  loss=7.4520  val_acc=0.2776
2025-04-29 20:45:13,733 - INFO - Epoch 330  loss=7.3044  val_acc=0.2562
2025-04-29 20:45:36,111 - INFO - Epoch 340  loss=7.2858  val_acc=0.2527
2025-04-29 20:45:59,040 - INFO - Epoch 350  loss=7.1769  val_acc=0.2420
2025-04-29 20:46:23,193 - INFO - Epoch 360  loss=7.2011  val_acc=0.2384
2025-04-29 20:46:45,433 - INFO - Epoch 370  loss=7.1101  val_acc=0.2562
2025-04-29 20:47:08,159 - INFO - Epoch 380  loss=7.1987  val_acc=0.2456
2025-04-29 20:47:31,057 - INFO - Epoch 390  loss=7.0580  val_acc=0.2420
2025-04-29 20:47:53,017 - INFO - Epoch 400  loss=7.0110  val_acc=0.2384
2025-04-29 20:48:13,810 - INFO - Epoch 410  loss=7.1080  val_acc=0.2456
2025-04-29 20:48:35,508 - INFO - Epoch 420  loss=6.9995  val_acc=0.2527
2025-04-29 20:48:57,065 - INFO - Epoch 430  loss=6.8820  val_acc=0.2384
2025-04-29 20:49:18,857 - INFO - Epoch 440  loss=6.9407  val_acc=0.2633
2025-04-29 20:49:41,873 - INFO - Epoch 450  loss=6.8771  val_acc=0.2420
2025-04-29 20:50:05,911 - INFO - Epoch 460  loss=6.8010  val_acc=0.2598
2025-04-29 20:50:29,512 - INFO - Epoch 470  loss=6.7824  val_acc=0.2633
2025-04-29 20:50:51,667 - INFO - Epoch 480  loss=6.8805  val_acc=0.2456
2025-04-29 20:51:12,865 - INFO - Epoch 490  loss=6.8075  val_acc=0.2491
2025-04-29 20:51:33,599 - INFO - Finished. best_val_acc=0.2989
2025-04-29 20:51:33,608 - INFO - Saved best model to ./model/seed/Alpha_beta/seed0/model_A02.pt
2025-04-29 20:51:33,609 - INFO - 
--- Subject A03 ---
2025-04-29 20:51:37,771 - INFO - Epoch 000  loss=9.4766  val_acc=0.2518
2025-04-29 20:52:00,449 - INFO - Epoch 010  loss=9.4530  val_acc=0.2518
2025-04-29 20:52:22,711 - INFO - Epoch 020  loss=9.3031  val_acc=0.3617
2025-04-29 20:52:44,352 - INFO - Epoch 030  loss=9.2327  val_acc=0.4078
2025-04-29 20:53:07,141 - INFO - Epoch 040  loss=9.1062  val_acc=0.4149
2025-04-29 20:53:30,350 - INFO - Epoch 050  loss=9.0055  val_acc=0.4078
2025-04-29 20:53:52,488 - INFO - Epoch 060  loss=8.8177  val_acc=0.4149
2025-04-29 20:54:13,669 - INFO - Epoch 070  loss=8.6959  val_acc=0.4184
2025-04-29 20:54:35,745 - INFO - Epoch 080  loss=8.4961  val_acc=0.4291
2025-04-29 20:54:58,274 - INFO - Epoch 090  loss=8.3828  val_acc=0.4255
2025-04-29 20:55:20,151 - INFO - Epoch 100  loss=8.2061  val_acc=0.4433
2025-04-29 20:55:44,081 - INFO - Epoch 110  loss=8.0775  val_acc=0.4610
2025-04-29 20:56:06,374 - INFO - Epoch 120  loss=7.9570  val_acc=0.4610
2025-04-29 20:56:29,000 - INFO - Epoch 130  loss=7.8406  val_acc=0.4610
2025-04-29 20:56:50,159 - INFO - Epoch 140  loss=7.7438  val_acc=0.5000
2025-04-29 20:57:12,243 - INFO - Epoch 150  loss=7.6374  val_acc=0.4752
2025-04-29 20:57:36,223 - INFO - Epoch 160  loss=7.5810  val_acc=0.4787
2025-04-29 20:57:58,156 - INFO - Epoch 170  loss=7.4590  val_acc=0.4752
2025-04-29 20:58:19,723 - INFO - Epoch 180  loss=7.4004  val_acc=0.4752
2025-04-29 20:58:41,379 - INFO - Epoch 190  loss=7.3749  val_acc=0.5355
2025-04-29 20:59:05,261 - INFO - Epoch 200  loss=7.2523  val_acc=0.5177
2025-04-29 20:59:28,250 - INFO - Epoch 210  loss=7.1923  val_acc=0.5461
2025-04-29 20:59:50,171 - INFO - Epoch 220  loss=7.2220  val_acc=0.5284
2025-04-29 21:00:12,507 - INFO - Epoch 230  loss=7.1194  val_acc=0.5319
2025-04-29 21:00:34,054 - INFO - Epoch 240  loss=7.0270  val_acc=0.5390
2025-04-29 21:00:56,823 - INFO - Epoch 250  loss=7.0008  val_acc=0.5319
2025-04-29 21:01:19,114 - INFO - Epoch 260  loss=6.9506  val_acc=0.5177
2025-04-29 21:01:43,356 - INFO - Epoch 270  loss=6.8736  val_acc=0.5426
2025-04-29 21:02:06,093 - INFO - Epoch 280  loss=6.8521  val_acc=0.5319
2025-04-29 21:02:27,390 - INFO - Epoch 290  loss=6.8530  val_acc=0.5355
2025-04-29 21:02:49,145 - INFO - Epoch 300  loss=6.7485  val_acc=0.5390
2025-04-29 21:03:11,501 - INFO - Epoch 310  loss=6.7098  val_acc=0.5426
2025-04-29 21:03:33,394 - INFO - Epoch 320  loss=6.6915  val_acc=0.5177
2025-04-29 21:03:54,948 - INFO - Epoch 330  loss=6.7601  val_acc=0.5213
2025-04-29 21:04:16,681 - INFO - Epoch 340  loss=6.6196  val_acc=0.5071
2025-04-29 21:04:39,061 - INFO - Epoch 350  loss=6.5833  val_acc=0.5390
2025-04-29 21:05:03,005 - INFO - Epoch 360  loss=6.5584  val_acc=0.5177
2025-04-29 21:05:25,850 - INFO - Epoch 370  loss=6.6091  val_acc=0.5142
2025-04-29 21:05:47,666 - INFO - Epoch 380  loss=6.5291  val_acc=0.5000
2025-04-29 21:06:09,997 - INFO - Epoch 390  loss=6.4942  val_acc=0.5142
2025-04-29 21:06:32,445 - INFO - Epoch 400  loss=6.4786  val_acc=0.5177
2025-04-29 21:06:55,791 - INFO - Epoch 410  loss=6.4604  val_acc=0.5142
2025-04-29 21:07:19,230 - INFO - Epoch 420  loss=6.4453  val_acc=0.5000
2025-04-29 21:07:44,301 - INFO - Epoch 430  loss=6.4347  val_acc=0.5142
2025-04-29 21:08:06,531 - INFO - Epoch 440  loss=6.6202  val_acc=0.5106
2025-04-29 21:08:28,859 - INFO - Epoch 450  loss=6.4135  val_acc=0.5000
2025-04-29 21:08:51,711 - INFO - Epoch 460  loss=6.4005  val_acc=0.5000
2025-04-29 21:09:16,432 - INFO - Epoch 470  loss=6.3897  val_acc=0.4929
2025-04-29 21:09:39,507 - INFO - Epoch 480  loss=6.3833  val_acc=0.4858
2025-04-29 21:10:01,368 - INFO - Epoch 490  loss=6.3743  val_acc=0.4823
2025-04-29 21:10:22,618 - INFO - Finished. best_val_acc=0.5532
2025-04-29 21:10:22,627 - INFO - Saved best model to ./model/seed/Alpha_beta/seed0/model_A03.pt
2025-04-29 21:10:22,628 - INFO - 
--- Subject A04 ---
2025-04-29 21:10:26,757 - INFO - Epoch 000  loss=9.1486  val_acc=0.2455
2025-04-29 21:10:49,966 - INFO - Epoch 010  loss=9.1174  val_acc=0.2455
2025-04-29 21:11:13,184 - INFO - Epoch 020  loss=8.9676  val_acc=0.2455
2025-04-29 21:11:35,048 - INFO - Epoch 030  loss=8.9283  val_acc=0.2455
2025-04-29 21:11:57,103 - INFO - Epoch 040  loss=8.9063  val_acc=0.2491
2025-04-29 21:12:19,369 - INFO - Epoch 050  loss=8.8614  val_acc=0.2563
2025-04-29 21:12:40,620 - INFO - Epoch 060  loss=8.7332  val_acc=0.2888
2025-04-29 21:13:03,487 - INFO - Epoch 070  loss=8.6383  val_acc=0.3177
2025-04-29 21:13:27,222 - INFO - Epoch 080  loss=8.5467  val_acc=0.3032
2025-04-29 21:13:48,731 - INFO - Epoch 090  loss=8.6087  val_acc=0.3285
2025-04-29 21:14:09,933 - INFO - Epoch 100  loss=8.3741  val_acc=0.2924
2025-04-29 21:14:32,535 - INFO - Epoch 110  loss=8.2905  val_acc=0.2924
2025-04-29 21:14:56,082 - INFO - Epoch 120  loss=8.2022  val_acc=0.2996
2025-04-29 21:15:17,406 - INFO - Epoch 130  loss=8.1271  val_acc=0.3069
2025-04-29 21:15:38,198 - INFO - Epoch 140  loss=8.0241  val_acc=0.3357
2025-04-29 21:15:59,527 - INFO - Epoch 150  loss=7.9397  val_acc=0.3177
2025-04-29 21:16:22,773 - INFO - Epoch 160  loss=7.8514  val_acc=0.3069
2025-04-29 21:16:46,059 - INFO - Epoch 170  loss=7.7564  val_acc=0.3032
2025-04-29 21:17:07,912 - INFO - Epoch 180  loss=7.6705  val_acc=0.3105
2025-04-29 21:17:29,499 - INFO - Epoch 190  loss=7.5854  val_acc=0.3177
2025-04-29 21:17:51,830 - INFO - Epoch 200  loss=7.4882  val_acc=0.3357
2025-04-29 21:18:13,966 - INFO - Epoch 210  loss=7.4519  val_acc=0.3285
2025-04-29 21:18:36,788 - INFO - Epoch 220  loss=7.4099  val_acc=0.3177
2025-04-29 21:19:00,266 - INFO - Epoch 230  loss=7.2919  val_acc=0.3285
2025-04-29 21:19:21,952 - INFO - Epoch 240  loss=7.2096  val_acc=0.3430
2025-04-29 21:19:43,093 - INFO - Epoch 250  loss=7.1743  val_acc=0.3718
2025-04-29 21:20:05,043 - INFO - Epoch 260  loss=7.1757  val_acc=0.3538
2025-04-29 21:20:29,735 - INFO - Epoch 270  loss=7.0519  val_acc=0.3538
2025-04-29 21:20:52,599 - INFO - Epoch 280  loss=7.0181  val_acc=0.3357
2025-04-29 21:21:14,830 - INFO - Epoch 290  loss=6.9572  val_acc=0.3538
2025-04-29 21:21:36,441 - INFO - Epoch 300  loss=6.9137  val_acc=0.3321
2025-04-29 21:22:00,816 - INFO - Epoch 310  loss=6.9048  val_acc=0.3357
2025-04-29 21:22:23,027 - INFO - Epoch 320  loss=6.8105  val_acc=0.3105
2025-04-29 21:22:44,469 - INFO - Epoch 330  loss=6.7821  val_acc=0.3069
2025-04-29 21:23:06,432 - INFO - Epoch 340  loss=6.8679  val_acc=0.3285
2025-04-29 21:23:28,080 - INFO - Epoch 350  loss=6.7040  val_acc=0.3177
2025-04-29 21:23:50,161 - INFO - Epoch 360  loss=6.6701  val_acc=0.2996
2025-04-29 21:24:12,210 - INFO - Epoch 370  loss=6.6423  val_acc=0.2924
2025-04-29 21:24:36,030 - INFO - Epoch 380  loss=6.7366  val_acc=0.2996
2025-04-29 21:24:57,435 - INFO - Epoch 390  loss=6.5760  val_acc=0.2888
2025-04-29 21:25:18,760 - INFO - Epoch 400  loss=6.5474  val_acc=0.2996
2025-04-29 21:25:41,579 - INFO - Epoch 410  loss=6.5180  val_acc=0.2960
2025-04-29 21:26:04,957 - INFO - Epoch 420  loss=6.4952  val_acc=0.2924
2025-04-29 21:26:29,247 - INFO - Epoch 430  loss=6.5350  val_acc=0.2924
2025-04-29 21:26:51,935 - INFO - Epoch 440  loss=6.4859  val_acc=0.2996
2025-04-29 21:27:13,745 - INFO - Epoch 450  loss=6.4261  val_acc=0.2996
2025-04-29 21:27:36,321 - INFO - Epoch 460  loss=6.4086  val_acc=0.3069
2025-04-29 21:27:59,411 - INFO - Epoch 470  loss=6.3846  val_acc=0.3141
2025-04-29 21:28:22,290 - INFO - Epoch 480  loss=6.3665  val_acc=0.3141
2025-04-29 21:28:43,363 - INFO - Epoch 490  loss=6.3496  val_acc=0.3177
2025-04-29 21:29:02,489 - INFO - Finished. best_val_acc=0.3718
2025-04-29 21:29:02,498 - INFO - Saved best model to ./model/seed/Alpha_beta/seed0/model_A04.pt
2025-04-29 21:29:02,498 - INFO - 
--- Subject A05 ---
2025-04-29 21:29:06,512 - INFO - Epoch 000  loss=9.6423  val_acc=0.2446
2025-04-29 21:29:29,187 - INFO - Epoch 010  loss=9.5257  val_acc=0.2446
2025-04-29 21:29:51,683 - INFO - Epoch 020  loss=9.4723  val_acc=0.2446
2025-04-29 21:30:15,492 - INFO - Epoch 030  loss=9.3526  val_acc=0.2374
2025-04-29 21:30:38,412 - INFO - Epoch 040  loss=9.3336  val_acc=0.2410
2025-04-29 21:30:59,058 - INFO - Epoch 050  loss=9.2579  val_acc=0.2446
2025-04-29 21:31:22,211 - INFO - Epoch 060  loss=9.2071  val_acc=0.2302
2025-04-29 21:31:45,102 - INFO - Epoch 070  loss=9.1960  val_acc=0.2302
2025-04-29 21:32:09,228 - INFO - Epoch 080  loss=9.0427  val_acc=0.2374
2025-04-29 21:32:30,473 - INFO - Epoch 090  loss=9.0169  val_acc=0.2338
2025-04-29 21:32:51,395 - INFO - Epoch 100  loss=8.8649  val_acc=0.2374
2025-04-29 21:33:14,451 - INFO - Epoch 110  loss=8.7440  val_acc=0.2302
2025-04-29 21:33:36,833 - INFO - Epoch 120  loss=8.6620  val_acc=0.2374
2025-04-29 21:33:58,833 - INFO - Epoch 130  loss=8.5181  val_acc=0.2410
2025-04-29 21:34:20,765 - INFO - Epoch 140  loss=8.3880  val_acc=0.2374
2025-04-29 21:34:41,878 - INFO - Epoch 150  loss=8.2972  val_acc=0.2338
2025-04-29 21:35:03,431 - INFO - Epoch 160  loss=8.2343  val_acc=0.2374
2025-04-29 21:35:26,163 - INFO - Epoch 170  loss=8.1501  val_acc=0.2410
2025-04-29 21:35:48,357 - INFO - Epoch 180  loss=7.9907  val_acc=0.2410
2025-04-29 21:36:11,951 - INFO - Epoch 190  loss=7.9256  val_acc=0.2410
2025-04-29 21:36:34,003 - INFO - Epoch 200  loss=7.8805  val_acc=0.2446
2025-04-29 21:36:55,229 - INFO - Epoch 210  loss=7.8332  val_acc=0.2338
2025-04-29 21:37:18,054 - INFO - Epoch 220  loss=7.7201  val_acc=0.2410
2025-04-29 21:37:41,709 - INFO - Epoch 230  loss=7.6233  val_acc=0.2338
2025-04-29 21:38:05,199 - INFO - Epoch 240  loss=7.5824  val_acc=0.2410
2025-04-29 21:38:27,183 - INFO - Epoch 250  loss=7.5414  val_acc=0.2446
2025-04-29 21:38:49,782 - INFO - Epoch 260  loss=7.4921  val_acc=0.2410
2025-04-29 21:39:12,657 - INFO - Epoch 270  loss=7.4091  val_acc=0.2410
2025-04-29 21:39:36,113 - INFO - Epoch 280  loss=7.3370  val_acc=0.2374
2025-04-29 21:39:57,867 - INFO - Epoch 290  loss=7.3069  val_acc=0.2410
2025-04-29 21:40:19,105 - INFO - Epoch 300  loss=7.2503  val_acc=0.2446
2025-04-29 21:40:41,404 - INFO - Epoch 310  loss=7.1955  val_acc=0.2590
2025-04-29 21:41:04,004 - INFO - Epoch 320  loss=7.1475  val_acc=0.2446
2025-04-29 21:41:26,138 - INFO - Epoch 330  loss=7.1030  val_acc=0.2410
2025-04-29 21:41:49,386 - INFO - Epoch 340  loss=7.0123  val_acc=0.2302
2025-04-29 21:42:13,167 - INFO - Epoch 350  loss=6.9956  val_acc=0.2482
2025-04-29 21:42:34,164 - INFO - Epoch 360  loss=6.9749  val_acc=0.2482
2025-04-29 21:42:56,187 - INFO - Epoch 370  loss=6.9619  val_acc=0.2482
2025-04-29 21:43:18,155 - INFO - Epoch 380  loss=6.8382  val_acc=0.2302
2025-04-29 21:43:39,538 - INFO - Epoch 390  loss=6.8428  val_acc=0.2482
2025-04-29 21:44:01,464 - INFO - Epoch 400  loss=6.7807  val_acc=0.2374
2025-04-29 21:44:22,385 - INFO - Epoch 410  loss=6.7213  val_acc=0.2302
2025-04-29 21:44:45,255 - INFO - Epoch 420  loss=6.6859  val_acc=0.2338
2025-04-29 21:45:07,721 - INFO - Epoch 430  loss=6.7003  val_acc=0.2302
2025-04-29 21:45:29,559 - INFO - Epoch 440  loss=6.6603  val_acc=0.2266
2025-04-29 21:45:51,704 - INFO - Epoch 450  loss=6.6022  val_acc=0.2374
2025-04-29 21:46:13,551 - INFO - Epoch 460  loss=6.5794  val_acc=0.2338
2025-04-29 21:46:36,194 - INFO - Epoch 470  loss=6.5644  val_acc=0.2302
2025-04-29 21:46:57,822 - INFO - Epoch 480  loss=6.5491  val_acc=0.2266
2025-04-29 21:47:19,946 - INFO - Epoch 490  loss=6.5606  val_acc=0.2338
2025-04-29 21:47:39,815 - INFO - Finished. best_val_acc=0.2590
2025-04-29 21:47:39,824 - INFO - Saved best model to ./model/seed/Alpha_beta/seed0/model_A05.pt
2025-04-29 21:47:39,824 - INFO - 
--- Subject A06 ---
2025-04-29 21:47:43,685 - INFO - Epoch 000  loss=8.9790  val_acc=0.2500
2025-04-29 21:48:03,750 - INFO - Epoch 010  loss=8.8270  val_acc=0.2500
2025-04-29 21:48:24,246 - INFO - Epoch 020  loss=8.7985  val_acc=0.2577
2025-04-29 21:48:45,714 - INFO - Epoch 030  loss=8.7877  val_acc=0.2577
2025-04-29 21:49:08,396 - INFO - Epoch 040  loss=8.7835  val_acc=0.2577
2025-04-29 21:49:29,669 - INFO - Epoch 050  loss=8.7815  val_acc=0.2577
2025-04-29 21:49:50,866 - INFO - Epoch 060  loss=8.7798  val_acc=0.2577
2025-04-29 21:50:11,012 - INFO - Epoch 070  loss=8.7774  val_acc=0.2577
2025-04-29 21:50:32,497 - INFO - Epoch 080  loss=8.7739  val_acc=0.2577
2025-04-29 21:50:56,029 - INFO - Epoch 090  loss=8.7582  val_acc=0.2615
2025-04-29 21:51:18,357 - INFO - Epoch 100  loss=8.6641  val_acc=0.2769
2025-04-29 21:51:39,179 - INFO - Epoch 110  loss=8.6011  val_acc=0.2731
2025-04-29 21:51:59,380 - INFO - Epoch 120  loss=8.5395  val_acc=0.2846
2025-04-29 21:52:22,016 - INFO - Epoch 130  loss=8.4823  val_acc=0.2885
2025-04-29 21:52:43,133 - INFO - Epoch 140  loss=8.4080  val_acc=0.2885
2025-04-29 21:53:04,947 - INFO - Epoch 150  loss=8.3290  val_acc=0.2885
2025-04-29 21:53:27,451 - INFO - Epoch 160  loss=8.2494  val_acc=0.2846
2025-04-29 21:53:48,272 - INFO - Epoch 170  loss=8.1512  val_acc=0.2923
2025-04-29 21:54:09,293 - INFO - Epoch 180  loss=8.0362  val_acc=0.2885
2025-04-29 21:54:31,329 - INFO - Epoch 190  loss=8.0375  val_acc=0.3077
2025-04-29 21:54:53,276 - INFO - Epoch 200  loss=7.8681  val_acc=0.3000
2025-04-29 21:55:14,244 - INFO - Epoch 210  loss=7.7923  val_acc=0.2962
2025-04-29 21:55:34,550 - INFO - Epoch 220  loss=7.7848  val_acc=0.2923
2025-04-29 21:55:54,603 - INFO - Epoch 230  loss=7.6324  val_acc=0.2846
2025-04-29 21:56:16,499 - INFO - Epoch 240  loss=7.5971  val_acc=0.2577
2025-04-29 21:56:38,525 - INFO - Epoch 250  loss=7.4896  val_acc=0.2692
2025-04-29 21:56:59,772 - INFO - Epoch 260  loss=7.5364  val_acc=0.2654
2025-04-29 21:57:20,155 - INFO - Epoch 270  loss=7.3637  val_acc=0.2538
2025-04-29 21:57:40,461 - INFO - Epoch 280  loss=7.3009  val_acc=0.2462
2025-04-29 21:58:02,358 - INFO - Epoch 290  loss=7.2357  val_acc=0.2615
2025-04-29 21:58:23,542 - INFO - Epoch 300  loss=7.2079  val_acc=0.2692
2025-04-29 21:58:44,354 - INFO - Epoch 310  loss=7.1392  val_acc=0.2654
2025-04-29 21:59:05,214 - INFO - Epoch 320  loss=7.0207  val_acc=0.2538
2025-04-29 21:59:26,407 - INFO - Epoch 330  loss=6.9639  val_acc=0.2423
2025-04-29 21:59:47,717 - INFO - Epoch 340  loss=6.9374  val_acc=0.2692
2025-04-29 22:00:09,191 - INFO - Epoch 350  loss=6.8287  val_acc=0.2423
2025-04-29 22:00:31,665 - INFO - Epoch 360  loss=6.7588  val_acc=0.2500
2025-04-29 22:00:52,966 - INFO - Epoch 370  loss=6.7665  val_acc=0.2577
2025-04-29 22:01:13,706 - INFO - Epoch 380  loss=6.6740  val_acc=0.2462
2025-04-29 22:01:33,653 - INFO - Epoch 390  loss=6.6231  val_acc=0.2462
2025-04-29 22:01:55,625 - INFO - Epoch 400  loss=6.6551  val_acc=0.2692
2025-04-29 22:02:16,823 - INFO - Epoch 410  loss=6.5206  val_acc=0.2385
2025-04-29 22:02:37,893 - INFO - Epoch 420  loss=6.5544  val_acc=0.2577
2025-04-29 22:02:58,508 - INFO - Epoch 430  loss=6.4517  val_acc=0.2231
2025-04-29 22:03:18,194 - INFO - Epoch 440  loss=6.4379  val_acc=0.2423
2025-04-29 22:03:39,222 - INFO - Epoch 450  loss=6.4011  val_acc=0.2423
2025-04-29 22:04:01,576 - INFO - Epoch 460  loss=6.3726  val_acc=0.2538
2025-04-29 22:04:21,887 - INFO - Epoch 470  loss=6.4483  val_acc=0.2500
2025-04-29 22:04:41,680 - INFO - Epoch 480  loss=6.3012  val_acc=0.2346
2025-04-29 22:05:03,480 - INFO - Epoch 490  loss=6.2787  val_acc=0.2462
2025-04-29 22:05:21,828 - INFO - Finished. best_val_acc=0.3192
2025-04-29 22:05:21,836 - INFO - Saved best model to ./model/seed/Alpha_beta/seed0/model_A06.pt
2025-04-29 22:05:21,836 - INFO - 
--- Subject A07 ---
2025-04-29 22:05:25,939 - INFO - Epoch 000  loss=9.5595  val_acc=0.2536
2025-04-29 22:05:48,478 - INFO - Epoch 010  loss=9.5212  val_acc=0.2536
2025-04-29 22:06:11,930 - INFO - Epoch 020  loss=9.4926  val_acc=0.2429
2025-04-29 22:06:35,517 - INFO - Epoch 030  loss=9.4528  val_acc=0.2286
2025-04-29 22:06:57,195 - INFO - Epoch 040  loss=9.4144  val_acc=0.2464
2025-04-29 22:07:18,805 - INFO - Epoch 050  loss=9.3703  val_acc=0.2464
2025-04-29 22:07:42,375 - INFO - Epoch 060  loss=9.3286  val_acc=0.2893
2025-04-29 22:08:06,263 - INFO - Epoch 070  loss=9.2630  val_acc=0.2679
2025-04-29 22:08:29,754 - INFO - Epoch 080  loss=9.1950  val_acc=0.2786
2025-04-29 22:08:53,347 - INFO - Epoch 090  loss=9.1307  val_acc=0.2929
2025-04-29 22:09:15,953 - INFO - Epoch 100  loss=9.0335  val_acc=0.3250
2025-04-29 22:09:38,736 - INFO - Epoch 110  loss=8.9325  val_acc=0.2964
2025-04-29 22:10:02,208 - INFO - Epoch 120  loss=8.8097  val_acc=0.3357
2025-04-29 22:10:23,652 - INFO - Epoch 130  loss=8.7224  val_acc=0.3571
2025-04-29 22:10:46,911 - INFO - Epoch 140  loss=8.6083  val_acc=0.3607
2025-04-29 22:11:08,067 - INFO - Epoch 150  loss=8.4601  val_acc=0.3607
2025-04-29 22:11:30,231 - INFO - Epoch 160  loss=8.4860  val_acc=0.3750
2025-04-29 22:11:52,281 - INFO - Epoch 170  loss=8.2260  val_acc=0.3821
2025-04-29 22:12:17,293 - INFO - Epoch 180  loss=8.1320  val_acc=0.3679
2025-04-29 22:12:39,002 - INFO - Epoch 190  loss=8.0548  val_acc=0.4036
2025-04-29 22:13:00,443 - INFO - Epoch 200  loss=7.9525  val_acc=0.3536
2025-04-29 22:13:23,563 - INFO - Epoch 210  loss=7.8976  val_acc=0.3464
2025-04-29 22:13:46,454 - INFO - Epoch 220  loss=7.8338  val_acc=0.3607
2025-04-29 22:14:08,921 - INFO - Epoch 230  loss=7.7242  val_acc=0.3750
2025-04-29 22:14:32,040 - INFO - Epoch 240  loss=7.6591  val_acc=0.3679
2025-04-29 22:14:55,192 - INFO - Epoch 250  loss=7.6058  val_acc=0.3536
2025-04-29 22:15:18,513 - INFO - Epoch 260  loss=7.5155  val_acc=0.3714
2025-04-29 22:15:42,445 - INFO - Epoch 270  loss=7.4805  val_acc=0.3750
2025-04-29 22:16:04,816 - INFO - Epoch 280  loss=7.3998  val_acc=0.3571
2025-04-29 22:16:27,598 - INFO - Epoch 290  loss=7.3677  val_acc=0.3500
2025-04-29 22:16:50,867 - INFO - Epoch 300  loss=7.2918  val_acc=0.3679
2025-04-29 22:17:12,947 - INFO - Epoch 310  loss=7.2337  val_acc=0.3750
2025-04-29 22:17:35,091 - INFO - Epoch 320  loss=7.2046  val_acc=0.3643
2025-04-29 22:17:59,706 - INFO - Epoch 330  loss=7.1300  val_acc=0.3536
2025-04-29 22:18:23,251 - INFO - Epoch 340  loss=7.0810  val_acc=0.3464
2025-04-29 22:18:47,540 - INFO - Epoch 350  loss=6.9763  val_acc=0.3393
2025-04-29 22:19:10,838 - INFO - Epoch 360  loss=6.9021  val_acc=0.3500
2025-04-29 22:19:34,784 - INFO - Epoch 370  loss=6.9369  val_acc=0.3250
2025-04-29 22:19:57,319 - INFO - Epoch 380  loss=6.8500  val_acc=0.3679
2025-04-29 22:20:20,745 - INFO - Epoch 390  loss=6.7687  val_acc=0.3500
2025-04-29 22:20:42,985 - INFO - Epoch 400  loss=6.7434  val_acc=0.3429
2025-04-29 22:21:06,876 - INFO - Epoch 410  loss=6.7258  val_acc=0.3393
2025-04-29 22:21:30,716 - INFO - Epoch 420  loss=6.6760  val_acc=0.3536
2025-04-29 22:21:54,117 - INFO - Epoch 430  loss=6.6405  val_acc=0.3464
2025-04-29 22:22:17,481 - INFO - Epoch 440  loss=6.7097  val_acc=0.3464
2025-04-29 22:22:40,357 - INFO - Epoch 450  loss=6.5930  val_acc=0.3536
2025-04-29 22:23:02,504 - INFO - Epoch 460  loss=6.5578  val_acc=0.3464
2025-04-29 22:23:25,549 - INFO - Epoch 470  loss=6.5468  val_acc=0.3536
2025-04-29 22:23:49,569 - INFO - Epoch 480  loss=6.5767  val_acc=0.3393
2025-04-29 22:24:12,018 - INFO - Epoch 490  loss=6.5493  val_acc=0.3464
2025-04-29 22:24:31,361 - INFO - Finished. best_val_acc=0.4143
2025-04-29 22:24:31,369 - INFO - Saved best model to ./model/seed/Alpha_beta/seed0/model_A07.pt
2025-04-29 22:24:31,370 - INFO - 
--- Subject A08 ---
2025-04-29 22:24:35,036 - INFO - Epoch 000  loss=9.6347  val_acc=0.2473
2025-04-29 22:24:56,896 - INFO - Epoch 010  loss=9.5293  val_acc=0.2473
2025-04-29 22:25:19,791 - INFO - Epoch 020  loss=9.4795  val_acc=0.2473
2025-04-29 22:25:41,781 - INFO - Epoch 030  loss=9.3711  val_acc=0.3262
2025-04-29 22:26:04,474 - INFO - Epoch 040  loss=9.3175  val_acc=0.3620
2025-04-29 22:26:28,137 - INFO - Epoch 050  loss=9.2691  val_acc=0.3513
2025-04-29 22:26:53,230 - INFO - Epoch 060  loss=9.2376  val_acc=0.3584
2025-04-29 22:27:15,670 - INFO - Epoch 070  loss=9.1750  val_acc=0.3477
2025-04-29 22:27:38,600 - INFO - Epoch 080  loss=9.1440  val_acc=0.3405
2025-04-29 22:28:02,728 - INFO - Epoch 090  loss=9.1140  val_acc=0.3369
2025-04-29 22:28:25,907 - INFO - Epoch 100  loss=9.0708  val_acc=0.3369
2025-04-29 22:28:47,634 - INFO - Epoch 110  loss=9.0428  val_acc=0.3369
2025-04-29 22:29:10,250 - INFO - Epoch 120  loss=9.0287  val_acc=0.3333
2025-04-29 22:29:34,755 - INFO - Epoch 130  loss=8.9673  val_acc=0.3262
2025-04-29 22:29:57,174 - INFO - Epoch 140  loss=8.9074  val_acc=0.3333
2025-04-29 22:30:19,396 - INFO - Epoch 150  loss=8.8492  val_acc=0.3047
2025-04-29 22:30:43,055 - INFO - Epoch 160  loss=8.7518  val_acc=0.3118
2025-04-29 22:31:07,031 - INFO - Epoch 170  loss=8.6823  val_acc=0.3226
2025-04-29 22:31:29,923 - INFO - Epoch 180  loss=8.5899  val_acc=0.3513
2025-04-29 22:31:52,267 - INFO - Epoch 190  loss=8.4919  val_acc=0.3369
2025-04-29 22:32:14,963 - INFO - Epoch 200  loss=8.3768  val_acc=0.3369
2025-04-29 22:32:38,031 - INFO - Epoch 210  loss=8.3306  val_acc=0.3548
2025-04-29 22:33:02,601 - INFO - Epoch 220  loss=8.1746  val_acc=0.3441
2025-04-29 22:33:25,426 - INFO - Epoch 230  loss=8.0318  val_acc=0.3692
2025-04-29 22:33:50,452 - INFO - Epoch 240  loss=7.9356  val_acc=0.3728
2025-04-29 22:34:14,210 - INFO - Epoch 250  loss=7.8323  val_acc=0.3548
2025-04-29 22:34:36,488 - INFO - Epoch 260  loss=7.7390  val_acc=0.3656
2025-04-29 22:34:59,557 - INFO - Epoch 270  loss=7.6476  val_acc=0.3548
2025-04-29 22:35:21,820 - INFO - Epoch 280  loss=7.7061  val_acc=0.3620
2025-04-29 22:35:44,696 - INFO - Epoch 290  loss=7.5001  val_acc=0.3763
2025-04-29 22:36:05,595 - INFO - Epoch 300  loss=7.4156  val_acc=0.3513
2025-04-29 22:36:27,927 - INFO - Epoch 310  loss=7.3419  val_acc=0.3656
2025-04-29 22:36:50,310 - INFO - Epoch 320  loss=7.2063  val_acc=0.3513
2025-04-29 22:37:12,566 - INFO - Epoch 330  loss=7.1581  val_acc=0.3584
2025-04-29 22:37:34,932 - INFO - Epoch 340  loss=7.0654  val_acc=0.3584
2025-04-29 22:37:58,596 - INFO - Epoch 350  loss=6.9855  val_acc=0.3692
2025-04-29 22:38:21,156 - INFO - Epoch 360  loss=6.9315  val_acc=0.3441
2025-04-29 22:38:43,799 - INFO - Epoch 370  loss=7.0182  val_acc=0.3477
2025-04-29 22:39:05,252 - INFO - Epoch 380  loss=6.8235  val_acc=0.3620
2025-04-29 22:39:28,176 - INFO - Epoch 390  loss=6.7714  val_acc=0.3799
2025-04-29 22:39:50,333 - INFO - Epoch 400  loss=6.7211  val_acc=0.3907
2025-04-29 22:40:12,285 - INFO - Epoch 410  loss=6.6889  val_acc=0.3871
2025-04-29 22:40:34,274 - INFO - Epoch 420  loss=6.7345  val_acc=0.3978
2025-04-29 22:40:59,611 - INFO - Epoch 430  loss=6.6463  val_acc=0.3692
2025-04-29 22:41:23,276 - INFO - Epoch 440  loss=6.6504  val_acc=0.3763
2025-04-29 22:41:45,860 - INFO - Epoch 450  loss=6.5495  val_acc=0.3728
2025-04-29 22:42:09,617 - INFO - Epoch 460  loss=6.5248  val_acc=0.3835
2025-04-29 22:42:32,894 - INFO - Epoch 470  loss=6.5070  val_acc=0.3907
2025-04-29 22:42:55,665 - INFO - Epoch 480  loss=6.4943  val_acc=0.3871
2025-04-29 22:43:18,615 - INFO - Epoch 490  loss=6.5754  val_acc=0.3548
2025-04-29 22:43:40,556 - INFO - Finished. best_val_acc=0.3978
2025-04-29 22:43:40,565 - INFO - Saved best model to ./model/seed/Alpha_beta/seed0/model_A08.pt
2025-04-29 22:43:40,565 - INFO - 
--- Subject A09 ---
2025-04-29 22:43:44,593 - INFO - Epoch 000  loss=9.4751  val_acc=0.2510
2025-04-29 22:44:04,917 - INFO - Epoch 010  loss=9.4008  val_acc=0.2548
2025-04-29 22:44:26,554 - INFO - Epoch 020  loss=9.1671  val_acc=0.3475
2025-04-29 22:44:48,357 - INFO - Epoch 030  loss=9.0045  val_acc=0.3861
2025-04-29 22:45:10,297 - INFO - Epoch 040  loss=8.9376  val_acc=0.4093
2025-04-29 22:45:32,751 - INFO - Epoch 050  loss=8.8306  val_acc=0.4170
2025-04-29 22:45:53,190 - INFO - Epoch 060  loss=8.7163  val_acc=0.4247
2025-04-29 22:46:15,317 - INFO - Epoch 070  loss=8.5730  val_acc=0.4131
2025-04-29 22:46:37,786 - INFO - Epoch 080  loss=8.4832  val_acc=0.4093
2025-04-29 22:46:59,027 - INFO - Epoch 090  loss=8.3885  val_acc=0.4170
2025-04-29 22:47:20,046 - INFO - Epoch 100  loss=8.2863  val_acc=0.4208
2025-04-29 22:47:40,425 - INFO - Epoch 110  loss=8.1494  val_acc=0.4286
2025-04-29 22:48:03,243 - INFO - Epoch 120  loss=8.0160  val_acc=0.4247
2025-04-29 22:48:24,813 - INFO - Epoch 130  loss=7.9307  val_acc=0.4402
2025-04-29 22:48:46,194 - INFO - Epoch 140  loss=7.8438  val_acc=0.4402
2025-04-29 22:49:07,123 - INFO - Epoch 150  loss=7.7703  val_acc=0.4479
2025-04-29 22:49:28,700 - INFO - Epoch 160  loss=7.6720  val_acc=0.4517
2025-04-29 22:49:49,730 - INFO - Epoch 170  loss=7.5818  val_acc=0.4517
2025-04-29 22:50:10,526 - INFO - Epoch 180  loss=7.4920  val_acc=0.4440
2025-04-29 22:50:30,792 - INFO - Epoch 190  loss=7.4061  val_acc=0.4479
2025-04-29 22:50:51,376 - INFO - Epoch 200  loss=7.3042  val_acc=0.4517
2025-04-29 22:51:11,669 - INFO - Epoch 210  loss=7.2229  val_acc=0.4402
2025-04-29 22:51:33,394 - INFO - Epoch 220  loss=7.1672  val_acc=0.4440
2025-04-29 22:51:53,567 - INFO - Epoch 230  loss=7.0633  val_acc=0.4324
2025-04-29 22:52:15,820 - INFO - Epoch 240  loss=6.9951  val_acc=0.4363
2025-04-29 22:52:37,953 - INFO - Epoch 250  loss=6.9338  val_acc=0.4479
2025-04-29 22:52:58,835 - INFO - Epoch 260  loss=6.8605  val_acc=0.4479
2025-04-29 22:53:20,140 - INFO - Epoch 270  loss=6.8234  val_acc=0.4517
2025-04-29 22:53:41,365 - INFO - Epoch 280  loss=6.7761  val_acc=0.4788
2025-04-29 22:54:03,018 - INFO - Epoch 290  loss=6.6735  val_acc=0.4903
2025-04-29 22:54:23,851 - INFO - Epoch 300  loss=6.6332  val_acc=0.4633
2025-04-29 22:54:43,581 - INFO - Epoch 310  loss=6.6118  val_acc=0.4672
2025-04-29 22:55:04,334 - INFO - Epoch 320  loss=6.5710  val_acc=0.4903
2025-04-29 22:55:27,865 - INFO - Epoch 330  loss=6.6266  val_acc=0.4517
2025-04-29 22:55:49,732 - INFO - Epoch 340  loss=6.4952  val_acc=0.4788
2025-04-29 22:56:10,668 - INFO - Epoch 350  loss=6.4674  val_acc=0.4710
2025-04-29 22:56:30,292 - INFO - Epoch 360  loss=6.4464  val_acc=0.4633
2025-04-29 22:56:51,982 - INFO - Epoch 370  loss=6.4284  val_acc=0.4788
2025-04-29 22:57:12,118 - INFO - Epoch 380  loss=6.4571  val_acc=0.4324
2025-04-29 22:57:33,028 - INFO - Epoch 390  loss=6.4107  val_acc=0.4788
2025-04-29 22:57:54,701 - INFO - Epoch 400  loss=6.3849  val_acc=0.4556
2025-04-29 22:58:16,411 - INFO - Epoch 410  loss=6.3688  val_acc=0.4479
2025-04-29 22:58:37,121 - INFO - Epoch 420  loss=6.3594  val_acc=0.4479
2025-04-29 22:58:59,238 - INFO - Epoch 430  loss=6.3496  val_acc=0.4517
2025-04-29 22:59:20,680 - INFO - Epoch 440  loss=6.3487  val_acc=0.4517
2025-04-29 22:59:41,794 - INFO - Epoch 450  loss=6.3733  val_acc=0.4633
2025-04-29 23:00:03,127 - INFO - Epoch 460  loss=6.5060  val_acc=0.4749
2025-04-29 23:00:23,372 - INFO - Epoch 470  loss=6.3164  val_acc=0.4479
2025-04-29 23:00:45,672 - INFO - Epoch 480  loss=6.3091  val_acc=0.4440
2025-04-29 23:01:07,826 - INFO - Epoch 490  loss=6.3037  val_acc=0.4402
2025-04-29 23:01:26,669 - INFO - Finished. best_val_acc=0.4903
2025-04-29 23:01:26,677 - INFO - Saved best model to ./model/seed/Alpha_beta/seed0/model_A09.pt
2025-04-29 23:01:26,677 - INFO - === Finished All Subjects ===
2025-04-29 23:01:26,678 - INFO - Average test accuracy over 9 subjects: 0.3912
